<?xml version="1.0" encoding="UTF-8"?>
<testsuite name="com.example.project.TipCalculatorTest" tests="3" skipped="0" failures="0" errors="0" timestamp="2024-09-20T22:14:51" hostname="codespaces-cc4f0f" time="0.47">
  <properties/>
  <testcase name="testCalculateTip2()" classname="com.example.project.TipCalculatorTest" time="0.372"/>
  <testcase name="testCalculateTip3()" classname="com.example.project.TipCalculatorTest" time="0.018"/>
  <testcase name="testCalculateTip()" classname="com.example.project.TipCalculatorTest" time="0.014"/>
  <system-out><![CDATA[]]></system-out>
  <system-err><![CDATA[]]></system-err>
</testsuite>
